ARM GAS  /var/folders/m5/1z2v3_dd2cg5xnclvhns6x640000gn/T//cc6N7kee.s 			page 1


   1              		.syntax unified
   2              		.cpu cortex-m4
   3              		.eabi_attribute 27, 3
   4              		.eabi_attribute 28, 1
   5              		.fpu fpv4-sp-d16
   6              		.eabi_attribute 20, 1
   7              		.eabi_attribute 21, 1
   8              		.eabi_attribute 23, 3
   9              		.eabi_attribute 24, 1
  10              		.eabi_attribute 25, 1
  11              		.eabi_attribute 26, 1
  12              		.eabi_attribute 30, 1
  13              		.eabi_attribute 34, 1
  14              		.eabi_attribute 18, 4
  15              		.thumb
  16              		.file	"stdlib_system.c"
  17              		.text
  18              	.Ltext0:
  19              		.cfi_sections	.debug_frame
  20              		.section	.text.systemInit000,"ax",%progbits
  21              		.align	2
  22              		.global	systemInit000
  23              		.thumb
  24              		.thumb_func
  26              	systemInit000:
  27              	.LFB2:
  28              		.file 1 "Src/nimcache/stdlib_system.c"
   1:Src/nimcache/stdlib_system.c **** /* Generated by Nim Compiler v0.17.2 */
   2:Src/nimcache/stdlib_system.c **** /*   (c) 2017 Andreas Rumpf */
   3:Src/nimcache/stdlib_system.c **** /* The generated code is subject to the original license. */
   4:Src/nimcache/stdlib_system.c **** #define NIM_NEW_MANGLING_RULES
   5:Src/nimcache/stdlib_system.c **** #define NIM_INTBITS 32
   6:Src/nimcache/stdlib_system.c **** 
   7:Src/nimcache/stdlib_system.c **** #include "nimbase.h"
   8:Src/nimcache/stdlib_system.c **** #undef LANGUAGE_C
   9:Src/nimcache/stdlib_system.c **** #undef MIPSEB
  10:Src/nimcache/stdlib_system.c **** #undef MIPSEL
  11:Src/nimcache/stdlib_system.c **** #undef PPC
  12:Src/nimcache/stdlib_system.c **** #undef R3000
  13:Src/nimcache/stdlib_system.c **** #undef R4000
  14:Src/nimcache/stdlib_system.c **** #undef i386
  15:Src/nimcache/stdlib_system.c **** #undef linux
  16:Src/nimcache/stdlib_system.c **** #undef mips
  17:Src/nimcache/stdlib_system.c **** #undef near
  18:Src/nimcache/stdlib_system.c **** #undef powerpc
  19:Src/nimcache/stdlib_system.c **** #undef unix
  20:Src/nimcache/stdlib_system.c **** typedef struct Exception Exception;
  21:Src/nimcache/stdlib_system.c **** typedef struct RootObj RootObj;
  22:Src/nimcache/stdlib_system.c **** typedef struct TNimType TNimType;
  23:Src/nimcache/stdlib_system.c **** typedef struct TNimNode TNimNode;
  24:Src/nimcache/stdlib_system.c **** typedef struct NimStringDesc NimStringDesc;
  25:Src/nimcache/stdlib_system.c **** typedef struct TGenericSeq TGenericSeq;
  26:Src/nimcache/stdlib_system.c **** typedef N_NIMCALL_PTR(NIM_BOOL, tyProc_hgOQFBQi19biNdOUUkFOOxA) (Exception* e);
  27:Src/nimcache/stdlib_system.c **** typedef N_NIMCALL_PTR(void, tyProc_T4eqaYlFJYZUv9aG9b1TV0bQ) (void);
  28:Src/nimcache/stdlib_system.c **** typedef NU8 tyEnum_TNimKind_jIBKr1ejBgsfM33Kxw4j7A;
  29:Src/nimcache/stdlib_system.c **** typedef NU8 tySet_tyEnum_TNimTypeFlag_v8QUszD1sWlSIWZz7mC4bQ;
  30:Src/nimcache/stdlib_system.c **** typedef N_NIMCALL_PTR(void, tyProc_ojoeKfW4VYIm36I9cpDTQIg) (void* p, NI op);
ARM GAS  /var/folders/m5/1z2v3_dd2cg5xnclvhns6x640000gn/T//cc6N7kee.s 			page 2


  31:Src/nimcache/stdlib_system.c **** typedef N_NIMCALL_PTR(void*, tyProc_WSm2xU5ARYv9aAR4l0z9c9auQ) (void* p);
  32:Src/nimcache/stdlib_system.c **** struct TNimType {
  33:Src/nimcache/stdlib_system.c **** NI size;
  34:Src/nimcache/stdlib_system.c **** tyEnum_TNimKind_jIBKr1ejBgsfM33Kxw4j7A kind;
  35:Src/nimcache/stdlib_system.c **** tySet_tyEnum_TNimTypeFlag_v8QUszD1sWlSIWZz7mC4bQ flags;
  36:Src/nimcache/stdlib_system.c **** TNimType* base;
  37:Src/nimcache/stdlib_system.c **** TNimNode* node;
  38:Src/nimcache/stdlib_system.c **** void* finalizer;
  39:Src/nimcache/stdlib_system.c **** tyProc_ojoeKfW4VYIm36I9cpDTQIg marker;
  40:Src/nimcache/stdlib_system.c **** tyProc_WSm2xU5ARYv9aAR4l0z9c9auQ deepcopy;
  41:Src/nimcache/stdlib_system.c **** };
  42:Src/nimcache/stdlib_system.c **** struct RootObj {
  43:Src/nimcache/stdlib_system.c **** TNimType* m_type;
  44:Src/nimcache/stdlib_system.c **** };
  45:Src/nimcache/stdlib_system.c **** struct TGenericSeq {
  46:Src/nimcache/stdlib_system.c **** NI len;
  47:Src/nimcache/stdlib_system.c **** NI reserved;
  48:Src/nimcache/stdlib_system.c **** };
  49:Src/nimcache/stdlib_system.c **** struct NimStringDesc {
  50:Src/nimcache/stdlib_system.c ****   TGenericSeq Sup;
  51:Src/nimcache/stdlib_system.c **** NIM_CHAR data[SEQ_DECL_SIZE];
  52:Src/nimcache/stdlib_system.c **** };
  53:Src/nimcache/stdlib_system.c **** struct Exception {
  54:Src/nimcache/stdlib_system.c ****   RootObj Sup;
  55:Src/nimcache/stdlib_system.c **** Exception* parent;
  56:Src/nimcache/stdlib_system.c **** NCSTRING name;
  57:Src/nimcache/stdlib_system.c **** NimStringDesc* message;
  58:Src/nimcache/stdlib_system.c **** NimStringDesc* trace;
  59:Src/nimcache/stdlib_system.c **** Exception* up;
  60:Src/nimcache/stdlib_system.c **** };
  61:Src/nimcache/stdlib_system.c **** typedef NU8 tyEnum_TNimNodeKind_unfNsxrcATrufDZmpBq4HQ;
  62:Src/nimcache/stdlib_system.c **** struct TNimNode {
  63:Src/nimcache/stdlib_system.c **** tyEnum_TNimNodeKind_unfNsxrcATrufDZmpBq4HQ kind;
  64:Src/nimcache/stdlib_system.c **** NI offset;
  65:Src/nimcache/stdlib_system.c **** TNimType* typ;
  66:Src/nimcache/stdlib_system.c **** NCSTRING name;
  67:Src/nimcache/stdlib_system.c **** NI len;
  68:Src/nimcache/stdlib_system.c **** TNimNode** sons;
  69:Src/nimcache/stdlib_system.c **** };
  70:Src/nimcache/stdlib_system.c **** NIM_BOOL nimvm_IAxmsqnME4Jmed24hOgrFQ;
  71:Src/nimcache/stdlib_system.c **** NI nim_program_result;
  72:Src/nimcache/stdlib_system.c **** tyProc_hgOQFBQi19biNdOUUkFOOxA globalRaiseHook_JbO1ti4ULxrw54m4zNPbpA;
  73:Src/nimcache/stdlib_system.c **** tyProc_hgOQFBQi19biNdOUUkFOOxA localRaiseHook_EIvMhANBvB9cp2Ezvt29cADg;
  74:Src/nimcache/stdlib_system.c **** tyProc_T4eqaYlFJYZUv9aG9b1TV0bQ outOfMemHook_kZNaA7u1MfSW5ZeoGvw8xg;
  75:Src/nimcache/stdlib_system.c **** NIM_EXTERNC N_NOINLINE(void, systemInit000)(void) {
  29              		.loc 1 75 0
  30              		.cfi_startproc
  31              		@ args = 0, pretend = 0, frame = 0
  32              		@ frame_needed = 0, uses_anonymous_args = 0
  33              		@ link register save eliminated.
  76:Src/nimcache/stdlib_system.c **** 	nimvm_IAxmsqnME4Jmed24hOgrFQ = NIM_FALSE;
  34              		.loc 1 76 0
  35 0000 0022     		movs	r2, #0
  36 0002 014B     		ldr	r3, .L2
  37 0004 1A70     		strb	r2, [r3]
  38 0006 7047     		bx	lr
  39              	.L3:
ARM GAS  /var/folders/m5/1z2v3_dd2cg5xnclvhns6x640000gn/T//cc6N7kee.s 			page 3


  40              		.align	2
  41              	.L2:
  42 0008 00000000 		.word	nimvm_IAxmsqnME4Jmed24hOgrFQ
  43              		.cfi_endproc
  44              	.LFE2:
  46              		.section	.text.systemDatInit000,"ax",%progbits
  47              		.align	2
  48              		.global	systemDatInit000
  49              		.thumb
  50              		.thumb_func
  52              	systemDatInit000:
  53              	.LFB3:
  77:Src/nimcache/stdlib_system.c **** }
  78:Src/nimcache/stdlib_system.c **** 
  79:Src/nimcache/stdlib_system.c **** NIM_EXTERNC N_NOINLINE(void, systemDatInit000)(void) {
  54              		.loc 1 79 0
  55              		.cfi_startproc
  56              		@ args = 0, pretend = 0, frame = 0
  57              		@ frame_needed = 0, uses_anonymous_args = 0
  58              		@ link register save eliminated.
  59 0000 7047     		bx	lr
  60              		.cfi_endproc
  61              	.LFE3:
  63              		.comm	outOfMemHook_kZNaA7u1MfSW5ZeoGvw8xg,4,4
  64              		.comm	localRaiseHook_EIvMhANBvB9cp2Ezvt29cADg,4,4
  65              		.comm	globalRaiseHook_JbO1ti4ULxrw54m4zNPbpA,4,4
  66              		.comm	nim_program_result,4,4
  67              		.comm	nimvm_IAxmsqnME4Jmed24hOgrFQ,1,1
  68 0002 00BF     		.text
  69              	.Letext0:
  70              		.file 2 "Src/nimcache/nimbase.h"
ARM GAS  /var/folders/m5/1z2v3_dd2cg5xnclvhns6x640000gn/T//cc6N7kee.s 			page 4


DEFINED SYMBOLS
                            *ABS*:0000000000000000 stdlib_system.c
/var/folders/m5/1z2v3_dd2cg5xnclvhns6x640000gn/T//cc6N7kee.s:21     .text.systemInit000:0000000000000000 $t
/var/folders/m5/1z2v3_dd2cg5xnclvhns6x640000gn/T//cc6N7kee.s:26     .text.systemInit000:0000000000000000 systemInit000
/var/folders/m5/1z2v3_dd2cg5xnclvhns6x640000gn/T//cc6N7kee.s:42     .text.systemInit000:0000000000000008 $d
                            *COM*:0000000000000001 nimvm_IAxmsqnME4Jmed24hOgrFQ
/var/folders/m5/1z2v3_dd2cg5xnclvhns6x640000gn/T//cc6N7kee.s:47     .text.systemDatInit000:0000000000000000 $t
/var/folders/m5/1z2v3_dd2cg5xnclvhns6x640000gn/T//cc6N7kee.s:52     .text.systemDatInit000:0000000000000000 systemDatInit000
                            *COM*:0000000000000004 outOfMemHook_kZNaA7u1MfSW5ZeoGvw8xg
                            *COM*:0000000000000004 localRaiseHook_EIvMhANBvB9cp2Ezvt29cADg
                            *COM*:0000000000000004 globalRaiseHook_JbO1ti4ULxrw54m4zNPbpA
                            *COM*:0000000000000004 nim_program_result
                     .debug_frame:0000000000000010 $d

NO UNDEFINED SYMBOLS
