ARM GAS  /var/folders/m5/1z2v3_dd2cg5xnclvhns6x640000gn/T//ccY49dVE.s 			page 1


   1              		.syntax unified
   2              		.cpu cortex-m4
   3              		.eabi_attribute 27, 3
   4              		.eabi_attribute 28, 1
   5              		.fpu fpv4-sp-d16
   6              		.eabi_attribute 20, 1
   7              		.eabi_attribute 21, 1
   8              		.eabi_attribute 23, 3
   9              		.eabi_attribute 24, 1
  10              		.eabi_attribute 25, 1
  11              		.eabi_attribute 26, 1
  12              		.eabi_attribute 30, 1
  13              		.eabi_attribute 34, 1
  14              		.eabi_attribute 18, 4
  15              		.thumb
  16              		.file	"stm32f4xx_it.c"
  17              		.text
  18              	.Ltext0:
  19              		.cfi_sections	.debug_frame
  20              		.section	.text.SysTick_Handler,"ax",%progbits
  21              		.align	2
  22              		.global	SysTick_Handler
  23              		.thumb
  24              		.thumb_func
  26              	SysTick_Handler:
  27              	.LFB123:
  28              		.file 1 "Src/stm32f4xx_it.c"
   1:Src/stm32f4xx_it.c **** /**
   2:Src/stm32f4xx_it.c ****   ******************************************************************************
   3:Src/stm32f4xx_it.c ****   * @file    stm32f4xx_it.c
   4:Src/stm32f4xx_it.c ****   * @brief   Interrupt Service Routines.
   5:Src/stm32f4xx_it.c ****   ******************************************************************************
   6:Src/stm32f4xx_it.c ****   *
   7:Src/stm32f4xx_it.c ****   * COPYRIGHT(c) 2017 STMicroelectronics
   8:Src/stm32f4xx_it.c ****   *
   9:Src/stm32f4xx_it.c ****   * Redistribution and use in source and binary forms, with or without modification,
  10:Src/stm32f4xx_it.c ****   * are permitted provided that the following conditions are met:
  11:Src/stm32f4xx_it.c ****   *   1. Redistributions of source code must retain the above copyright notice,
  12:Src/stm32f4xx_it.c ****   *      this list of conditions and the following disclaimer.
  13:Src/stm32f4xx_it.c ****   *   2. Redistributions in binary form must reproduce the above copyright notice,
  14:Src/stm32f4xx_it.c ****   *      this list of conditions and the following disclaimer in the documentation
  15:Src/stm32f4xx_it.c ****   *      and/or other materials provided with the distribution.
  16:Src/stm32f4xx_it.c ****   *   3. Neither the name of STMicroelectronics nor the names of its contributors
  17:Src/stm32f4xx_it.c ****   *      may be used to endorse or promote products derived from this software
  18:Src/stm32f4xx_it.c ****   *      without specific prior written permission.
  19:Src/stm32f4xx_it.c ****   *
  20:Src/stm32f4xx_it.c ****   * THIS SOFTWARE IS PROVIDED BY THE COPYRIGHT HOLDERS AND CONTRIBUTORS "AS IS"
  21:Src/stm32f4xx_it.c ****   * AND ANY EXPRESS OR IMPLIED WARRANTIES, INCLUDING, BUT NOT LIMITED TO, THE
  22:Src/stm32f4xx_it.c ****   * IMPLIED WARRANTIES OF MERCHANTABILITY AND FITNESS FOR A PARTICULAR PURPOSE ARE
  23:Src/stm32f4xx_it.c ****   * DISCLAIMED. IN NO EVENT SHALL THE COPYRIGHT HOLDER OR CONTRIBUTORS BE LIABLE
  24:Src/stm32f4xx_it.c ****   * FOR ANY DIRECT, INDIRECT, INCIDENTAL, SPECIAL, EXEMPLARY, OR CONSEQUENTIAL
  25:Src/stm32f4xx_it.c ****   * DAMAGES (INCLUDING, BUT NOT LIMITED TO, PROCUREMENT OF SUBSTITUTE GOODS OR
  26:Src/stm32f4xx_it.c ****   * SERVICES; LOSS OF USE, DATA, OR PROFITS; OR BUSINESS INTERRUPTION) HOWEVER
  27:Src/stm32f4xx_it.c ****   * CAUSED AND ON ANY THEORY OF LIABILITY, WHETHER IN CONTRACT, STRICT LIABILITY,
  28:Src/stm32f4xx_it.c ****   * OR TORT (INCLUDING NEGLIGENCE OR OTHERWISE) ARISING IN ANY WAY OUT OF THE USE
  29:Src/stm32f4xx_it.c ****   * OF THIS SOFTWARE, EVEN IF ADVISED OF THE POSSIBILITY OF SUCH DAMAGE.
  30:Src/stm32f4xx_it.c ****   *
ARM GAS  /var/folders/m5/1z2v3_dd2cg5xnclvhns6x640000gn/T//ccY49dVE.s 			page 2


  31:Src/stm32f4xx_it.c ****   ******************************************************************************
  32:Src/stm32f4xx_it.c ****   */
  33:Src/stm32f4xx_it.c **** /* Includes ------------------------------------------------------------------*/
  34:Src/stm32f4xx_it.c **** #include "stm32f4xx_hal.h"
  35:Src/stm32f4xx_it.c **** #include "stm32f4xx.h"
  36:Src/stm32f4xx_it.c **** #include "stm32f4xx_it.h"
  37:Src/stm32f4xx_it.c **** 
  38:Src/stm32f4xx_it.c **** /* USER CODE BEGIN 0 */
  39:Src/stm32f4xx_it.c **** 
  40:Src/stm32f4xx_it.c **** /* USER CODE END 0 */
  41:Src/stm32f4xx_it.c **** 
  42:Src/stm32f4xx_it.c **** /* External variables --------------------------------------------------------*/
  43:Src/stm32f4xx_it.c **** 
  44:Src/stm32f4xx_it.c **** /******************************************************************************/
  45:Src/stm32f4xx_it.c **** /*            Cortex-M4 Processor Interruption and Exception Handlers         */ 
  46:Src/stm32f4xx_it.c **** /******************************************************************************/
  47:Src/stm32f4xx_it.c **** 
  48:Src/stm32f4xx_it.c **** /**
  49:Src/stm32f4xx_it.c **** * @brief This function handles System tick timer.
  50:Src/stm32f4xx_it.c **** */
  51:Src/stm32f4xx_it.c **** void SysTick_Handler(void)
  52:Src/stm32f4xx_it.c **** {
  29              		.loc 1 52 0
  30              		.cfi_startproc
  31              		@ args = 0, pretend = 0, frame = 0
  32              		@ frame_needed = 0, uses_anonymous_args = 0
  33 0000 08B5     		push	{r3, lr}
  34              	.LCFI0:
  35              		.cfi_def_cfa_offset 8
  36              		.cfi_offset 3, -8
  37              		.cfi_offset 14, -4
  53:Src/stm32f4xx_it.c ****   /* USER CODE BEGIN SysTick_IRQn 0 */
  54:Src/stm32f4xx_it.c **** 
  55:Src/stm32f4xx_it.c ****   /* USER CODE END SysTick_IRQn 0 */
  56:Src/stm32f4xx_it.c ****   HAL_IncTick();
  38              		.loc 1 56 0
  39 0002 FFF7FEFF 		bl	HAL_IncTick
  40              	.LVL0:
  57:Src/stm32f4xx_it.c ****   HAL_SYSTICK_IRQHandler();
  41              		.loc 1 57 0
  42 0006 FFF7FEFF 		bl	HAL_SYSTICK_IRQHandler
  43              	.LVL1:
  44 000a 08BD     		pop	{r3, pc}
  45              		.cfi_endproc
  46              	.LFE123:
  48              		.text
  49              	.Letext0:
  50              		.file 2 "Drivers/STM32F4xx_HAL_Driver/Inc/stm32f4xx_hal.h"
  51              		.file 3 "Drivers/STM32F4xx_HAL_Driver/Inc/stm32f4xx_hal_cortex.h"
  52              		.file 4 "/Users/tattaka/gcc-arm-none-eabi-4_8-2013q4/arm-none-eabi/include/stdint.h"
  53              		.file 5 "Drivers/CMSIS/Include/core_cm4.h"
ARM GAS  /var/folders/m5/1z2v3_dd2cg5xnclvhns6x640000gn/T//ccY49dVE.s 			page 3


DEFINED SYMBOLS
                            *ABS*:0000000000000000 stm32f4xx_it.c
/var/folders/m5/1z2v3_dd2cg5xnclvhns6x640000gn/T//ccY49dVE.s:21     .text.SysTick_Handler:0000000000000000 $t
/var/folders/m5/1z2v3_dd2cg5xnclvhns6x640000gn/T//ccY49dVE.s:26     .text.SysTick_Handler:0000000000000000 SysTick_Handler
                     .debug_frame:0000000000000010 $d

UNDEFINED SYMBOLS
HAL_IncTick
HAL_SYSTICK_IRQHandler
