ARM GAS  /var/folders/m5/1z2v3_dd2cg5xnclvhns6x640000gn/T//ccZm0JTu.s 			page 1


   1              		.syntax unified
   2              		.cpu cortex-m4
   3              		.eabi_attribute 27, 3
   4              		.eabi_attribute 28, 1
   5              		.fpu fpv4-sp-d16
   6              		.eabi_attribute 20, 1
   7              		.eabi_attribute 21, 1
   8              		.eabi_attribute 23, 3
   9              		.eabi_attribute 24, 1
  10              		.eabi_attribute 25, 1
  11              		.eabi_attribute 26, 1
  12              		.eabi_attribute 30, 1
  13              		.eabi_attribute 34, 1
  14              		.eabi_attribute 18, 4
  15              		.thumb
  16              		.file	"stm32f4xx_hal_tim.c"
  17              		.text
  18              	.Ltext0:
  19              		.cfi_sections	.debug_frame
  20              	.Letext0:
  21              		.file 1 "/Users/tattaka/gcc-arm-none-eabi-4_8-2013q4/arm-none-eabi/include/stdint.h"
  22              		.file 2 "Drivers/CMSIS/Include/core_cm4.h"
ARM GAS  /var/folders/m5/1z2v3_dd2cg5xnclvhns6x640000gn/T//ccZm0JTu.s 			page 2


DEFINED SYMBOLS
                            *ABS*:0000000000000000 stm32f4xx_hal_tim.c

NO UNDEFINED SYMBOLS
